08/01/2022 10:22:05 PM - kaø: !helpme
08/01/2022 10:27:00 PM - kaø: !stats
08/01/2022 10:27:21 PM - kaø: !stats
08/01/2022 10:27:31 PM - kaø: !stats
08/01/2022 10:28:00 PM - kaø: !stats
08/01/2022 10:32:47 PM - kaø: !stats
08/01/2022 10:34:05 PM - kaø: !stats
08/01/2022 10:34:25 PM - kaø: !stats
08/01/2022 10:35:48 PM - kaø: !stats
08/01/2022 10:35:55 PM - kaø: !stats
08/01/2022 10:36:03 PM - kaø: hmm
08/01/2022 10:36:04 PM - kaø: yeah
08/01/2022 10:36:05 PM - kaø: nice
08/01/2022 10:36:06 PM - kaø: !stats
08/01/2022 10:36:18 PM - kaø: hello
08/01/2022 10:36:19 PM - kaø: it me
08/01/2022 10:36:25 PM - kaø: !stats
08/01/2022 10:38:42 PM - kaø: !stats
08/01/2022 10:42:39 PM - kaø: !stats
08/01/2022 10:44:23 PM - kaø: !stats
08/01/2022 10:44:29 PM - kaø: yo wtf
08/01/2022 10:44:31 PM - kaø: !stats
08/01/2022 10:44:35 PM - kaø: interesting
08/01/2022 10:44:37 PM - kaø: why this happen
08/01/2022 10:44:38 PM - kaø: lmao
08/01/2022 10:44:41 PM - kaø: !stats
08/01/2022 10:45:17 PM - kaø: !stats
08/01/2022 10:45:21 PM - kaø: how tf
08/01/2022 10:45:25 PM - kaø: !stats
08/01/2022 10:45:45 PM - kaø: what do u mean bruv
08/01/2022 10:45:48 PM - kaø: !stats
08/01/2022 10:51:29 PM - kaø: !stats
08/01/2022 10:51:46 PM - kaø: !stats
08/01/2022 10:55:40 PM - kaø: !stats
08/01/2022 10:56:54 PM - kaø: !stats
08/01/2022 10:57:11 PM - kaø: !stats
08/01/2022 10:57:35 PM - kaø: !stats
08/01/2022 10:57:56 PM - kaø: !stats
08/01/2022 10:58:10 PM - kaø: !stats
08/01/2022 10:58:17 PM - kaø: that's better
08/01/2022 10:58:21 PM - kaø: !stats
08/01/2022 11:00:51 PM - kaø: !stats
08/01/2022 11:01:38 PM - kaø: hehe funny game
08/01/2022 11:01:40 PM - kaø: !stats
08/01/2022 11:05:01 PM - kaø: this
08/01/2022 11:05:03 PM - kaø: should
08/01/2022 11:05:04 PM - kaø: be
08/01/2022 11:05:09 PM - kaø: 150 right
08/01/2022 11:05:12 PM - kaø: !stats
08/01/2022 11:08:11 PM - kaø: !stats
08/01/2022 11:11:06 PM - kaø: !stats
08/01/2022 11:11:44 PM - kaø: !stats
08/01/2022 11:15:51 PM - kaø: !stats
08/01/2022 11:16:14 PM - kaø: !stats
08/01/2022 11:21:43 PM - kaø: !stats
08/01/2022 11:26:06 PM - kaø: !stats
08/01/2022 11:32:28 PM - kaø: !status
08/01/2022 11:32:31 PM - kaø: !stats
08/01/2022 11:40:22 PM - kaø: !stats
08/01/2022 11:48:11 PM - kaø: !stats
08/01/2022 11:51:33 PM - kaø: !stats
08/01/2022 11:52:22 PM - kaø: !stats
